{"name": "test_exit", "status": "broken", "statusDetails": {"message": "selenium.common.exceptions.NoSuchElementException: Message: no such element: Unable to locate element: {\"method\":\"xpath\",\"selector\":\"/html/body/form/h3\"}\n  (Session info: chrome=140.0.7339.208); For documentation on this error, please visit: https://www.selenium.dev/documentation/webdriver/troubleshooting/errors#nosuchelementexception\nStacktrace:\n\tGetHandleVerifier [0x0x7ff6a49e1eb5+80197]\n\tGetHandleVerifier [0x0x7ff6a49e1f10+80288]\n\t(No symbol) [0x0x7ff6a47602fa]\n\t(No symbol) [0x0x7ff6a47b7cd7]\n\t(No symbol) [0x0x7ff6a47b7f9c]\n\t(No symbol) [0x0x7ff6a480ba87]\n\t(No symbol) [0x0x7ff6a47e03bf]\n\t(No symbol) [0x0x7ff6a48087fb]\n\t(No symbol) [0x0x7ff6a47e0153]\n\t(No symbol) [0x0x7ff6a47a8b02]\n\t(No symbol) [0x0x7ff6a47a98d3]\n\tGetHandleVerifier [0x0x7ff6a4c9e83d+2949837]\n\tGetHandleVerifier [0x0x7ff6a4c98c6a+2926330]\n\tGetHandleVerifier [0x0x7ff6a4cb86c7+3055959]\n\tGetHandleVerifier [0x0x7ff6a49fcfee+191102]\n\tGetHandleVerifier [0x0x7ff6a4a050af+224063]\n\tGetHandleVerifier [0x0x7ff6a49eaf64+117236]\n\tGetHandleVerifier [0x0x7ff6a49eb119+117673]\n\tGetHandleVerifier [0x0x7ff6a49d10a8+11064]\n\tBaseThreadInitThunk [0x0x7ffb6d2f7374+20]\n\tRtlUserThreadStart [0x0x7ffb6d49cc91+33]", "trace": "authorization = <selenium.webdriver.chrome.webdriver.WebDriver (session=\"263c1b64754de2846b2ee669290a1b53\")>\n\n    @allure.feature(\"кнопка Выйти\")\n    @allure.story('кнопка Выйти')\n    def test_exit(authorization):\n        exit = authorization\n        exit.find_element(By.CSS_SELECTOR, \"input[value='Выйти']\").click()\n>       h3_text = exit.find_element(By.XPATH, \"/html/body/form/h3\").text\n                  ^^^^^^^^^^^^^^^^^^^^^^^^^^^^^^^^^^^^^^^^^^^^^^^^^\n\ntest_exit.py:14: \n_ _ _ _ _ _ _ _ _ _ _ _ _ _ _ _ _ _ _ _ _ _ _ _ _ _ _ _ _ _ _ _ _ _ _ _ _ _ _ _ _ _ _ _ _ _ _ _ _ _ _ _ _ _ _ _ _ _ _ _ _ _ _ _ _ _ _ _ _ _ _ _ _ _ _ _ _ _ _ _ _ _ _ _ _ _ _ _ _ _ _ _ _ _ _ _ _ _ _ _ _ _ _ _ _ _ _ _ _ _ _ _ _ _\n.venv\\Lib\\site-packages\\selenium\\webdriver\\remote\\webdriver.py:926: in find_element\n    return self.execute(Command.FIND_ELEMENT, {\"using\": by, \"value\": value})[\"value\"]\n           ^^^^^^^^^^^^^^^^^^^^^^^^^^^^^^^^^^^^^^^^^^^^^^^^^^^^^^^^^^^^^^^^^\n.venv\\Lib\\site-packages\\selenium\\webdriver\\remote\\webdriver.py:458: in execute\n    self.error_handler.check_response(response)\n_ _ _ _ _ _ _ _ _ _ _ _ _ _ _ _ _ _ _ _ _ _ _ _ _ _ _ _ _ _ _ _ _ _ _ _ _ _ _ _ _ _ _ _ _ _ _ _ _ _ _ _ _ _ _ _ _ _ _ _ _ _ _ _ _ _ _ _ _ _ _ _ _ _ _ _ _ _ _ _ _ _ _ _ _ _ _ _ _ _ _ _ _ _ _ _ _ _ _ _ _ _ _ _ _ _ _ _ _ _ _ _ _ _\n\nself = <selenium.webdriver.remote.errorhandler.ErrorHandler object at 0x0000016D20060050>\nresponse = {'status': 404, 'value': '{\"value\":{\"error\":\"no such element\",\"message\":\"no such element: Unable to locate element: {\\...ff6a49d10a8+11064]\\\\n\\\\tBaseThreadInitThunk [0x0x7ffb6d2f7374+20]\\\\n\\\\tRtlUserThreadStart [0x0x7ffb6d49cc91+33]\\\\n\"}}'}\n\n    def check_response(self, response: dict[str, Any]) -> None:\n        \"\"\"Checks that a JSON response from the WebDriver does not have an\n        error.\n    \n        :Args:\n         - response - The JSON response from the WebDriver server as a dictionary\n           object.\n    \n        :Raises: If the response contains an error message.\n        \"\"\"\n        status = response.get(\"status\", None)\n        if not status or status == ErrorCode.SUCCESS:\n            return\n        value = None\n        message = response.get(\"message\", \"\")\n        screen: str = response.get(\"screen\", \"\")\n        stacktrace = None\n        if isinstance(status, int):\n            value_json = response.get(\"value\", None)\n            if value_json and isinstance(value_json, str):\n                try:\n                    value = json.loads(value_json)\n                    if isinstance(value, dict):\n                        if len(value) == 1:\n                            value = value[\"value\"]\n                        status = value.get(\"error\", None)\n                        if not status:\n                            status = value.get(\"status\", ErrorCode.UNKNOWN_ERROR)\n                            message = value.get(\"value\") or value.get(\"message\")\n                            if not isinstance(message, str):\n                                value = message\n                                message = message.get(\"message\")\n                        else:\n                            message = value.get(\"message\", None)\n                except ValueError:\n                    pass\n    \n        exception_class: type[WebDriverException]\n        e = ErrorCode()\n        error_codes = [item for item in dir(e) if not item.startswith(\"__\")]\n        for error_code in error_codes:\n            error_info = getattr(ErrorCode, error_code)\n            if isinstance(error_info, list) and status in error_info:\n                exception_class = getattr(ExceptionMapping, error_code, WebDriverException)\n                break\n        else:\n            exception_class = WebDriverException\n    \n        if not value:\n            value = response[\"value\"]\n        if isinstance(value, str):\n            raise exception_class(value)\n        if message == \"\" and \"message\" in value:\n            message = value[\"message\"]\n    \n        screen = None  # type: ignore[assignment]\n        if \"screen\" in value:\n            screen = value[\"screen\"]\n    \n        stacktrace = None\n        st_value = value.get(\"stackTrace\") or value.get(\"stacktrace\")\n        if st_value:\n            if isinstance(st_value, str):\n                stacktrace = st_value.split(\"\\n\")\n            else:\n                stacktrace = []\n                try:\n                    for frame in st_value:\n                        line = frame.get(\"lineNumber\", \"\")\n                        file = frame.get(\"fileName\", \"<anonymous>\")\n                        if line:\n                            file = f\"{file}:{line}\"\n                        meth = frame.get(\"methodName\", \"<anonymous>\")\n                        if \"className\" in frame:\n                            meth = f\"{frame['className']}.{meth}\"\n                        msg = \"    at %s (%s)\"\n                        msg = msg % (meth, file)\n                        stacktrace.append(msg)\n                except TypeError:\n                    pass\n        if exception_class == UnexpectedAlertPresentException:\n            alert_text = None\n            if \"data\" in value:\n                alert_text = value[\"data\"].get(\"text\")\n            elif \"alert\" in value:\n                alert_text = value[\"alert\"].get(\"text\")\n            raise exception_class(message, screen, stacktrace, alert_text)  # type: ignore[call-arg]  # mypy is not smart enough here\n>       raise exception_class(message, screen, stacktrace)\nE       selenium.common.exceptions.NoSuchElementException: Message: no such element: Unable to locate element: {\"method\":\"xpath\",\"selector\":\"/html/body/form/h3\"}\nE         (Session info: chrome=140.0.7339.208); For documentation on this error, please visit: https://www.selenium.dev/documentation/webdriver/troubleshooting/errors#nosuchelementexception\nE       Stacktrace:\nE       \tGetHandleVerifier [0x0x7ff6a49e1eb5+80197]\nE       \tGetHandleVerifier [0x0x7ff6a49e1f10+80288]\nE       \t(No symbol) [0x0x7ff6a47602fa]\nE       \t(No symbol) [0x0x7ff6a47b7cd7]\nE       \t(No symbol) [0x0x7ff6a47b7f9c]\nE       \t(No symbol) [0x0x7ff6a480ba87]\nE       \t(No symbol) [0x0x7ff6a47e03bf]\nE       \t(No symbol) [0x0x7ff6a48087fb]\nE       \t(No symbol) [0x0x7ff6a47e0153]\nE       \t(No symbol) [0x0x7ff6a47a8b02]\nE       \t(No symbol) [0x0x7ff6a47a98d3]\nE       \tGetHandleVerifier [0x0x7ff6a4c9e83d+2949837]\nE       \tGetHandleVerifier [0x0x7ff6a4c98c6a+2926330]\nE       \tGetHandleVerifier [0x0x7ff6a4cb86c7+3055959]\nE       \tGetHandleVerifier [0x0x7ff6a49fcfee+191102]\nE       \tGetHandleVerifier [0x0x7ff6a4a050af+224063]\nE       \tGetHandleVerifier [0x0x7ff6a49eaf64+117236]\nE       \tGetHandleVerifier [0x0x7ff6a49eb119+117673]\nE       \tGetHandleVerifier [0x0x7ff6a49d10a8+11064]\nE       \tBaseThreadInitThunk [0x0x7ffb6d2f7374+20]\nE       \tRtlUserThreadStart [0x0x7ffb6d49cc91+33]\n\n.venv\\Lib\\site-packages\\selenium\\webdriver\\remote\\errorhandler.py:232: NoSuchElementException"}, "start": 1759430382908, "stop": 1759430383011, "uuid": "32cc6c54-3998-4852-8903-902a793ddcef", "historyId": "4f5397f461d625c048cbd86f6ff03e66", "testCaseId": "4f5397f461d625c048cbd86f6ff03e66", "fullName": "test_exit#test_exit", "labels": [{"name": "story", "value": "кнопка Выйти"}, {"name": "feature", "value": "кнопка Выйти"}, {"name": "suite", "value": "test_exit"}, {"name": "host", "value": "DESKTOP-RJGQKRU"}, {"name": "thread", "value": "16380-MainThread"}, {"name": "framework", "value": "pytest"}, {"name": "language", "value": "cpython3"}, {"name": "package", "value": "test_exit"}], "titlePath": ["test_exit.py"]}